\BOOKMARK [0][-]{section*.2}{Photoproduction of the 0 meson from 1.1 - 5.5 GeV and a comparison to the CCR and Handbag model}{}% 2
\BOOKMARK [1][-]{section*.1}{Abstract}{section*.2}% 1
\BOOKMARK [1][-]{section*.3}{Introduction}{section*.2}% 3
\BOOKMARK [1][-]{section*.4}{Experimental Setup}{section*.2}% 4
\BOOKMARK [2][-]{section*.5}{g12 Run Summary}{section*.4}% 5
\BOOKMARK [1][-]{section*.6}{Event Selection}{section*.2}% 6
\BOOKMARK [1][-]{section*.7}{Particle Identification}{section*.2}% 7
\BOOKMARK [2][-]{section*.8}{Kinematic Cuts}{section*.7}% 8
\BOOKMARK [1][-]{section*.9}{Monte-Carlo}{section*.2}% 9
\BOOKMARK [2][-]{section*.10}{Simulating the Lepton Trigger}{section*.9}% 10
\BOOKMARK [3][-]{section*.11}{Validity of Trigger Simulation}{section*.10}% 11
\BOOKMARK [1][-]{section*.12}{PLUTO++ Event Generator}{section*.2}% 12
\BOOKMARK [1][-]{section*.13}{Systematic Uncertainties}{section*.2}% 13
\BOOKMARK [2][-]{section*.14}{Branching Ratio Systematic Uncertainty}{section*.13}% 14
\BOOKMARK [2][-]{section*.15}{Cut Based Systematic Uncertainty}{section*.13}% 15
\BOOKMARK [2][-]{section*.16}{Photon Flux Systematic Uncertainty}{section*.13}% 16
\BOOKMARK [2][-]{section*.17}{Detector Efficiency Systematic Uncertainty}{section*.13}% 17
\BOOKMARK [2][-]{section*.18}{z-vertex Cut Systematic Uncertainty}{section*.13}% 18
\BOOKMARK [2][-]{section*.19}{Target Systematic Uncertainty}{section*.13}% 19
\BOOKMARK [2][-]{section*.20}{Total Systematic Uncertainty}{section*.13}% 20
\BOOKMARK [1][-]{section*.21}{Comparison with Theoretical Models}{section*.2}% 21
\BOOKMARK [2][-]{section*.22}{HandBag Model}{section*.21}% 22
\BOOKMARK [2][-]{section*.23}{Constituent Counting Rule}{section*.21}% 23
\BOOKMARK [1][-]{section*.24}{References}{section*.2}% 24
