\BOOKMARK [0][-]{section*.2}{Photoproduction of the 0 meson off protons from 2.775 to 5.45 GeV}{}% 2
\BOOKMARK [1][-]{section*.1}{Abstract}{section*.2}% 1
\BOOKMARK [1][-]{section*.3}{Introduction}{section*.2}% 3
\BOOKMARK [1][-]{section*.4}{Experimental Setup}{section*.2}% 4
\BOOKMARK [1][-]{section*.5}{Event Selection}{section*.2}% 5
\BOOKMARK [1][-]{section*.6}{Particle Identification}{section*.2}% 6
\BOOKMARK [2][-]{section*.7}{Kinematic Cuts}{section*.6}% 7
\BOOKMARK [1][-]{section*.8}{Monte-Carlo}{section*.2}% 8
\BOOKMARK [1][-]{section*.9}{Systematic Uncertainties}{section*.2}% 9
\BOOKMARK [2][-]{section*.10}{Branching Ratio Systematic Uncertainty}{section*.9}% 10
\BOOKMARK [2][-]{section*.11}{Cut Based Systematic Uncertainty}{section*.9}% 11
\BOOKMARK [2][-]{section*.12}{Photon Flux Systematic Uncertainty}{section*.9}% 12
\BOOKMARK [2][-]{section*.13}{Detector Efficiency Systematic Uncertainty}{section*.9}% 13
\BOOKMARK [2][-]{section*.14}{z-vertex Cut Systematic Uncertainty}{section*.9}% 14
\BOOKMARK [2][-]{section*.15}{Target Systematic Uncertainty}{section*.9}% 15
\BOOKMARK [2][-]{section*.16}{Total Systematic Uncertainty}{section*.9}% 16
\BOOKMARK [1][-]{section*.17}{Comparison with Theoretical Models}{section*.2}% 17
\BOOKMARK [2][-]{section*.18}{HandBag Model}{section*.17}% 18
\BOOKMARK [2][-]{section*.19}{Constituent Counting Rule}{section*.17}% 19
\BOOKMARK [1][-]{section*.20}{References}{section*.2}% 20
