This is pdfTeX, Version 3.14159265-2.6-1.40.17 (TeX Live 2016) (preloaded format=pdflatex 2016.5.22)  22 NOV 2016 17:36
entering extended mode
 \write18 enabled.
 %&-line parsing enabled.
**comments2Review.tex
(./comments2Review.tex
LaTeX2e <2016/03/31>
Babel <3.9r> and hyphenation patterns for 83 language(s) loaded.
(/usr/local/texlive/2016/texmf-dist/tex/latex/base/article.cls
Document Class: article 2014/09/29 v1.4h Standard LaTeX document class
(/usr/local/texlive/2016/texmf-dist/tex/latex/base/size11.clo
File: size11.clo 2014/09/29 v1.4h Standard LaTeX file (size option)
)
\c@part=\count79
\c@section=\count80
\c@subsection=\count81
\c@subsubsection=\count82
\c@paragraph=\count83
\c@subparagraph=\count84
\c@figure=\count85
\c@table=\count86
\abovecaptionskip=\skip41
\belowcaptionskip=\skip42
\bibindent=\dimen102
)
(/usr/local/texlive/2016/texmf-dist/tex/latex/base/inputenc.sty
Package: inputenc 2015/03/17 v1.2c Input encoding file
\inpenc@prehook=\toks14
\inpenc@posthook=\toks15

(/usr/local/texlive/2016/texmf-dist/tex/latex/base/latin1.def
File: latin1.def 2015/03/17 v1.2c Input encoding file
))
(/usr/local/texlive/2016/texmf-dist/tex/latex/amsmath/amsmath.sty
Package: amsmath 2016/03/10 v2.15b AMS math features
\@mathmargin=\skip43

For additional information on amsmath, use the `?' option.
(/usr/local/texlive/2016/texmf-dist/tex/latex/amsmath/amstext.sty
Package: amstext 2000/06/29 v2.01 AMS text

(/usr/local/texlive/2016/texmf-dist/tex/latex/amsmath/amsgen.sty
File: amsgen.sty 1999/11/30 v2.0 generic functions
\@emptytoks=\toks16
\ex@=\dimen103
))
(/usr/local/texlive/2016/texmf-dist/tex/latex/amsmath/amsbsy.sty
Package: amsbsy 1999/11/29 v1.2d Bold Symbols
\pmbraise@=\dimen104
)
(/usr/local/texlive/2016/texmf-dist/tex/latex/amsmath/amsopn.sty
Package: amsopn 2016/03/08 v2.02 operator names
)
\inf@bad=\count87
LaTeX Info: Redefining \frac on input line 199.
\uproot@=\count88
\leftroot@=\count89
LaTeX Info: Redefining \overline on input line 297.
\classnum@=\count90
\DOTSCASE@=\count91
LaTeX Info: Redefining \ldots on input line 394.
LaTeX Info: Redefining \dots on input line 397.
LaTeX Info: Redefining \cdots on input line 518.
\Mathstrutbox@=\box26
\strutbox@=\box27
\big@size=\dimen105
LaTeX Font Info:    Redeclaring font encoding OML on input line 634.
LaTeX Font Info:    Redeclaring font encoding OMS on input line 635.
\macc@depth=\count92
\c@MaxMatrixCols=\count93
\dotsspace@=\muskip10
\c@parentequation=\count94
\dspbrk@lvl=\count95
\tag@help=\toks17
\row@=\count96
\column@=\count97
\maxfields@=\count98
\andhelp@=\toks18
\eqnshift@=\dimen106
\alignsep@=\dimen107
\tagshift@=\dimen108
\tagwidth@=\dimen109
\totwidth@=\dimen110
\lineht@=\dimen111
\@envbody=\toks19
\multlinegap=\skip44
\multlinetaggap=\skip45
\mathdisplay@stack=\toks20
LaTeX Info: Redefining \[ on input line 2739.
LaTeX Info: Redefining \] on input line 2740.
)
(/usr/local/texlive/2016/texmf-dist/tex/latex/amsfonts/amsfonts.sty
Package: amsfonts 2013/01/14 v3.01 Basic AMSFonts support
\symAMSa=\mathgroup4
\symAMSb=\mathgroup5
LaTeX Font Info:    Overwriting math alphabet `\mathfrak' in version `bold'
(Font)                  U/euf/m/n --> U/euf/b/n on input line 106.
)
(/usr/local/texlive/2016/texmf-dist/tex/latex/amsfonts/amssymb.sty
Package: amssymb 2013/01/14 v3.01 AMS font symbols
)
(/usr/local/texlive/2016/texmf-dist/tex/latex/graphics/graphicx.sty
Package: graphicx 2014/10/28 v1.0g Enhanced LaTeX Graphics (DPC,SPQR)

(/usr/local/texlive/2016/texmf-dist/tex/latex/graphics/keyval.sty
Package: keyval 2014/10/28 v1.15 key=value parser (DPC)
\KV@toks@=\toks21
)
(/usr/local/texlive/2016/texmf-dist/tex/latex/graphics/graphics.sty
Package: graphics 2016/05/09 v1.0r Standard LaTeX Graphics (DPC,SPQR)

(/usr/local/texlive/2016/texmf-dist/tex/latex/graphics/trig.sty
Package: trig 2016/01/03 v1.10 sin cos tan (DPC)
)
(/usr/local/texlive/2016/texmf-dist/tex/latex/graphics-cfg/graphics.cfg
File: graphics.cfg 2016/01/02 v1.10 sample graphics configuration
)
Package graphics Info: Driver file: pdftex.def on input line 96.

(/usr/local/texlive/2016/texmf-dist/tex/latex/pdftex-def/pdftex.def
File: pdftex.def 2011/05/27 v0.06d Graphics/color for pdfTeX

(/usr/local/texlive/2016/texmf-dist/tex/generic/oberdiek/infwarerr.sty
Package: infwarerr 2016/05/16 v1.4 Providing info/warning/error messages (HO)
)
(/usr/local/texlive/2016/texmf-dist/tex/generic/oberdiek/ltxcmds.sty
Package: ltxcmds 2016/05/16 v1.23 LaTeX kernel commands for general use (HO)
)
\Gread@gobject=\count99
))
\Gin@req@height=\dimen112
\Gin@req@width=\dimen113
)
(/usr/local/texlive/2016/texmf-dist/tex/latex/titling/titling.sty
Package: titling 2009/09/04 v2.1d maketitle typesetting
\thanksmarkwidth=\skip46
\thanksmargin=\skip47
\droptitle=\skip48
)
(/usr/local/texlive/2016/texmf-dist/tex/latex/graphics/color.sty
Package: color 2016/05/09 v1.1c Standard LaTeX Color (DPC)

(/usr/local/texlive/2016/texmf-dist/tex/latex/graphics-cfg/color.cfg
File: color.cfg 2016/01/02 v1.6 sample color configuration
)
Package color Info: Driver file: pdftex.def on input line 144.
)
(/usr/local/texlive/2016/texmf-dist/tex/latex/pdfpages/pdfpages.sty
Package: pdfpages 2016/04/19 v0.5f Insert pages of external PDF documents (AM)

(/usr/local/texlive/2016/texmf-dist/tex/latex/base/ifthen.sty
Package: ifthen 2014/09/29 v1.1c Standard LaTeX ifthen package (DPC)
)
(/usr/local/texlive/2016/texmf-dist/tex/latex/tools/calc.sty
Package: calc 2014/10/28 v4.3 Infix arithmetic (KKT,FJ)
\calc@Acount=\count100
\calc@Bcount=\count101
\calc@Adimen=\dimen114
\calc@Bdimen=\dimen115
\calc@Askip=\skip49
\calc@Bskip=\skip50
LaTeX Info: Redefining \setlength on input line 80.
LaTeX Info: Redefining \addtolength on input line 81.
\calc@Ccount=\count102
\calc@Cskip=\skip51
)
(/usr/local/texlive/2016/texmf-dist/tex/latex/eso-pic/eso-pic.sty
Package: eso-pic 2015/07/21 v2.0g eso-pic (RN)

(/usr/local/texlive/2016/texmf-dist/tex/generic/oberdiek/atbegshi.sty
Package: atbegshi 2016/05/16 v1.17 At begin shipout hook (HO)

(/usr/local/texlive/2016/texmf-dist/tex/generic/oberdiek/ifpdf.sty
Package: ifpdf 2016/05/14 v3.1 Provides the ifpdf switch
)))
\AM@pagewidth=\dimen116
\AM@pageheight=\dimen117

(/usr/local/texlive/2016/texmf-dist/tex/latex/pdfpages/pppdftex.def
File: pppdftex.def 2016/04/19 v0.5f Pdfpages driver for pdfTeX (AM)
)
\AM@pagebox=\box28
\AM@global@opts=\toks22
\AM@toc@title=\toks23
\c@AM@survey=\count103
\AM@templatesizebox=\box29
)
(./comments2Review.aux)
\openout1 = `comments2Review.aux'.

LaTeX Font Info:    Checking defaults for OML/cmm/m/it on input line 15.
LaTeX Font Info:    ... okay on input line 15.
LaTeX Font Info:    Checking defaults for T1/cmr/m/n on input line 15.
LaTeX Font Info:    ... okay on input line 15.
LaTeX Font Info:    Checking defaults for OT1/cmr/m/n on input line 15.
LaTeX Font Info:    ... okay on input line 15.
LaTeX Font Info:    Checking defaults for OMS/cmsy/m/n on input line 15.
LaTeX Font Info:    ... okay on input line 15.
LaTeX Font Info:    Checking defaults for OMX/cmex/m/n on input line 15.
LaTeX Font Info:    ... okay on input line 15.
LaTeX Font Info:    Checking defaults for U/cmr/m/n on input line 15.
LaTeX Font Info:    ... okay on input line 15.

(/usr/local/texlive/2016/texmf-dist/tex/context/base/mkii/supp-pdf.mkii
[Loading MPS to PDF converter (version 2006.09.02).]
\scratchcounter=\count104
\scratchdimen=\dimen118
\scratchbox=\box30
\nofMPsegments=\count105
\nofMParguments=\count106
\everyMPshowfont=\toks24
\MPscratchCnt=\count107
\MPscratchDim=\dimen119
\MPnumerator=\count108
\makeMPintoPDFobject=\count109
\everyMPtoPDFconversion=\toks25
) (/usr/local/texlive/2016/texmf-dist/tex/generic/oberdiek/pdftexcmds.sty
Package: pdftexcmds 2016/05/10 v0.21 Utility functions of pdfTeX for LuaTeX (HO
)

(/usr/local/texlive/2016/texmf-dist/tex/generic/oberdiek/ifluatex.sty
Package: ifluatex 2016/05/16 v1.4 Provides the ifluatex switch (HO)
Package ifluatex Info: LuaTeX not detected.
)
Package pdftexcmds Info: LuaTeX not detected.
Package pdftexcmds Info: \pdf@primitive is available.
Package pdftexcmds Info: \pdf@ifprimitive is available.
Package pdftexcmds Info: \pdfdraftmode found.
)
(/usr/local/texlive/2016/texmf-dist/tex/latex/oberdiek/epstopdf-base.sty
Package: epstopdf-base 2016/05/15 v2.6 Base part for package epstopdf

(/usr/local/texlive/2016/texmf-dist/tex/latex/oberdiek/grfext.sty
Package: grfext 2016/05/16 v1.2 Manage graphics extensions (HO)

(/usr/local/texlive/2016/texmf-dist/tex/generic/oberdiek/kvdefinekeys.sty
Package: kvdefinekeys 2016/05/16 v1.4 Define keys (HO)
))
(/usr/local/texlive/2016/texmf-dist/tex/latex/oberdiek/kvoptions.sty
Package: kvoptions 2016/05/16 v3.12 Key value format for package options (HO)

(/usr/local/texlive/2016/texmf-dist/tex/generic/oberdiek/kvsetkeys.sty
Package: kvsetkeys 2016/05/16 v1.17 Key value parser (HO)

(/usr/local/texlive/2016/texmf-dist/tex/generic/oberdiek/etexcmds.sty
Package: etexcmds 2016/05/16 v1.6 Avoid name clashes with e-TeX commands (HO)
Package etexcmds Info: Could not find \expanded.
(etexcmds)             That can mean that you are not using pdfTeX 1.50 or
(etexcmds)             that some package has redefined \expanded.
(etexcmds)             In the latter case, load this package earlier.
)))
Package grfext Info: Graphics extension search list:
(grfext)             [.png,.pdf,.jpg,.mps,.jpeg,.jbig2,.jb2,.PNG,.PDF,.JPG,.JPE
G,.JBIG2,.JB2,.eps]
(grfext)             \AppendGraphicsExtensions on input line 456.

(/usr/local/texlive/2016/texmf-dist/tex/latex/latexconfig/epstopdf-sys.cfg
File: epstopdf-sys.cfg 2010/07/13 v1.3 Configuration of (r)epstopdf for TeX Liv
e
))
\AtBeginShipoutBox=\box31

(/usr/local/texlive/2016/texmf-dist/tex/latex/oberdiek/pdflscape.sty
Package: pdflscape 2016/05/14 v0.11 Display of landscape pages in PDF (HO)

(/usr/local/texlive/2016/texmf-dist/tex/latex/graphics/lscape.sty
Package: lscape 2000/10/22 v3.01 Landscape Pages (DPC)
)
Package pdflscape Info: Auto-detected driver: pdftex on input line 81.

(/usr/local/texlive/2016/texmf-dist/tex/generic/ifxetex/ifxetex.sty
Package: ifxetex 2010/09/12 v0.6 Provides ifxetex conditional
))
LaTeX Font Info:    Try loading font information for U+msa on input line 16.

(/usr/local/texlive/2016/texmf-dist/tex/latex/amsfonts/umsa.fd
File: umsa.fd 2013/01/14 v3.01 AMS symbols A
)
LaTeX Font Info:    Try loading font information for U+msb on input line 16.

(/usr/local/texlive/2016/texmf-dist/tex/latex/amsfonts/umsb.fd
File: umsb.fd 2013/01/14 v3.01 AMS symbols B
) [1

{/usr/local/texlive/2016/texmf-var/fonts/map/pdftex/updmap/pdftex.map}] [2] [3]

Overfull \hbox (12.17883pt too wide) in paragraph at lines 78--81
[][]\OT1/cmr/m/n/10.95 page 28 ``The re-main-der of the back-ground can be at-t
ributed to ...events.''
 []

[4] [5] [6] [7] [8] <AcceptanceAll.pdf, id=41, 569.12625pt x 520.94624pt>
File: AcceptanceAll.pdf Graphic file (type pdf)

<use AcceptanceAll.pdf>
Package pdftex.def Info: AcceptanceAll.pdf used on input line 167.
(pdftex.def)             Requested size: 569.12486pt x 520.94498pt.
File: AcceptanceAll.pdf Graphic file (type pdf)
 <use AcceptanceAll.pdf>
Package pdftex.def Info: AcceptanceAll.pdf used on input line 167.
(pdftex.def)             Requested size: 569.12486pt x 520.94498pt.

<AcceptanceAll.pdf, id=44, page=1, 569.12625pt x 520.94624pt>
File: AcceptanceAll.pdf Graphic file (type pdf)

<use AcceptanceAll.pdf, page 1>
Package pdftex.def Info: AcceptanceAll.pdf, page1 used on input line 167.
(pdftex.def)             Requested size: 569.12486pt x 520.94498pt.
File: AcceptanceAll.pdf Graphic file (type pdf)
 <use AcceptanceAll.pdf, page 1>
Package pdftex.def Info: AcceptanceAll.pdf, page1 used on input line 167.
(pdftex.def)             Requested size: 597.63493pt x 547.0415pt.
 [9]
File: AcceptanceAll.pdf Graphic file (type pdf)

<use AcceptanceAll.pdf, page 1>
Package pdftex.def Info: AcceptanceAll.pdf, page1 used on input line 167.
(pdftex.def)             Requested size: 597.63493pt x 547.0415pt.
File: AcceptanceAll.pdf Graphic file (type pdf)
 <use AcceptanceAll.pdf, page 1>
Package pdftex.def Info: AcceptanceAll.pdf, page1 used on input line 167.
(pdftex.def)             Requested size: 597.63493pt x 547.0415pt.
File: AcceptanceAll.pdf Graphic file (type pdf)

<use AcceptanceAll.pdf, page 1>
Package pdftex.def Info: AcceptanceAll.pdf, page1 used on input line 167.
(pdftex.def)             Requested size: 597.63493pt x 547.0415pt.
 [10 <./AcceptanceAll.pdf, page is rotated 90 degrees>] <AcceptanceAll.pdf, id=
94, page=2, 569.12625pt x 520.94624pt>
File: AcceptanceAll.pdf Graphic file (type pdf)

<use AcceptanceAll.pdf, page 2>
Package pdftex.def Info: AcceptanceAll.pdf, page2 used on input line 167.
(pdftex.def)             Requested size: 597.63493pt x 547.0415pt.
File: AcceptanceAll.pdf Graphic file (type pdf)
 <use AcceptanceAll.pdf, page 2>
Package pdftex.def Info: AcceptanceAll.pdf, page2 used on input line 167.
(pdftex.def)             Requested size: 597.63493pt x 547.0415pt.
File: AcceptanceAll.pdf Graphic file (type pdf)

<use AcceptanceAll.pdf, page 2>
Package pdftex.def Info: AcceptanceAll.pdf, page2 used on input line 167.
(pdftex.def)             Requested size: 597.63493pt x 547.0415pt.
 [11 <./AcceptanceAll.pdf, page is rotated 90 degrees>] <AcceptanceAll.pdf, id=
98, page=3, 569.12625pt x 520.94624pt>
File: AcceptanceAll.pdf Graphic file (type pdf)

<use AcceptanceAll.pdf, page 3>
Package pdftex.def Info: AcceptanceAll.pdf, page3 used on input line 167.
(pdftex.def)             Requested size: 597.63493pt x 547.0415pt.
File: AcceptanceAll.pdf Graphic file (type pdf)
 <use AcceptanceAll.pdf, page 3>
Package pdftex.def Info: AcceptanceAll.pdf, page3 used on input line 167.
(pdftex.def)             Requested size: 597.63493pt x 547.0415pt.
File: AcceptanceAll.pdf Graphic file (type pdf)

<use AcceptanceAll.pdf, page 3>
Package pdftex.def Info: AcceptanceAll.pdf, page3 used on input line 167.
(pdftex.def)             Requested size: 597.63493pt x 547.0415pt.
 [12 <./AcceptanceAll.pdf, page is rotated 90 degrees>] <AcceptanceAll.pdf, id=
102, page=4, 569.12625pt x 520.94624pt>
File: AcceptanceAll.pdf Graphic file (type pdf)

<use AcceptanceAll.pdf, page 4>
Package pdftex.def Info: AcceptanceAll.pdf, page4 used on input line 167.
(pdftex.def)             Requested size: 597.63493pt x 547.0415pt.
File: AcceptanceAll.pdf Graphic file (type pdf)
 <use AcceptanceAll.pdf, page 4>
Package pdftex.def Info: AcceptanceAll.pdf, page4 used on input line 167.
(pdftex.def)             Requested size: 597.63493pt x 547.0415pt.
File: AcceptanceAll.pdf Graphic file (type pdf)

<use AcceptanceAll.pdf, page 4>
Package pdftex.def Info: AcceptanceAll.pdf, page4 used on input line 167.
(pdftex.def)             Requested size: 597.63493pt x 547.0415pt.
 [13 <./AcceptanceAll.pdf, page is rotated 90 degrees>] <AcceptanceAll.pdf, id=
107, page=5, 569.12625pt x 520.94624pt>
File: AcceptanceAll.pdf Graphic file (type pdf)

<use AcceptanceAll.pdf, page 5>
Package pdftex.def Info: AcceptanceAll.pdf, page5 used on input line 167.
(pdftex.def)             Requested size: 597.63493pt x 547.0415pt.
File: AcceptanceAll.pdf Graphic file (type pdf)
 <use AcceptanceAll.pdf, page 5>
Package pdftex.def Info: AcceptanceAll.pdf, page5 used on input line 167.
(pdftex.def)             Requested size: 597.63493pt x 547.0415pt.
File: AcceptanceAll.pdf Graphic file (type pdf)

<use AcceptanceAll.pdf, page 5>
Package pdftex.def Info: AcceptanceAll.pdf, page5 used on input line 167.
(pdftex.def)             Requested size: 597.63493pt x 547.0415pt.
 [14 <./AcceptanceAll.pdf, page is rotated 90 degrees>] <AcceptanceAll.pdf, id=
111, page=6, 569.12625pt x 520.94624pt>
File: AcceptanceAll.pdf Graphic file (type pdf)

<use AcceptanceAll.pdf, page 6>
Package pdftex.def Info: AcceptanceAll.pdf, page6 used on input line 167.
(pdftex.def)             Requested size: 597.63493pt x 547.0415pt.
File: AcceptanceAll.pdf Graphic file (type pdf)
 <use AcceptanceAll.pdf, page 6>
Package pdftex.def Info: AcceptanceAll.pdf, page6 used on input line 167.
(pdftex.def)             Requested size: 597.63493pt x 547.0415pt.
File: AcceptanceAll.pdf Graphic file (type pdf)

<use AcceptanceAll.pdf, page 6>
Package pdftex.def Info: AcceptanceAll.pdf, page6 used on input line 167.
(pdftex.def)             Requested size: 597.63493pt x 547.0415pt.
 [15 <./AcceptanceAll.pdf, page is rotated 90 degrees>] <AcceptanceAll.pdf, id=
115, page=7, 569.12625pt x 520.94624pt>
File: AcceptanceAll.pdf Graphic file (type pdf)

<use AcceptanceAll.pdf, page 7>
Package pdftex.def Info: AcceptanceAll.pdf, page7 used on input line 167.
(pdftex.def)             Requested size: 597.63493pt x 547.0415pt.
File: AcceptanceAll.pdf Graphic file (type pdf)
 <use AcceptanceAll.pdf, page 7>
Package pdftex.def Info: AcceptanceAll.pdf, page7 used on input line 167.
(pdftex.def)             Requested size: 597.63493pt x 547.0415pt.
File: AcceptanceAll.pdf Graphic file (type pdf)

<use AcceptanceAll.pdf, page 7>
Package pdftex.def Info: AcceptanceAll.pdf, page7 used on input line 167.
(pdftex.def)             Requested size: 597.63493pt x 547.0415pt.
 [16 <./AcceptanceAll.pdf, page is rotated 90 degrees>] <AcceptanceAll.pdf, id=
119, page=8, 569.12625pt x 520.94624pt>
File: AcceptanceAll.pdf Graphic file (type pdf)

<use AcceptanceAll.pdf, page 8>
Package pdftex.def Info: AcceptanceAll.pdf, page8 used on input line 167.
(pdftex.def)             Requested size: 597.63493pt x 547.0415pt.
File: AcceptanceAll.pdf Graphic file (type pdf)
 <use AcceptanceAll.pdf, page 8>
Package pdftex.def Info: AcceptanceAll.pdf, page8 used on input line 167.
(pdftex.def)             Requested size: 597.63493pt x 547.0415pt.
File: AcceptanceAll.pdf Graphic file (type pdf)

<use AcceptanceAll.pdf, page 8>
Package pdftex.def Info: AcceptanceAll.pdf, page8 used on input line 167.
(pdftex.def)             Requested size: 597.63493pt x 547.0415pt.
 [17 <./AcceptanceAll.pdf, page is rotated 90 degrees>] <AcceptanceAll.pdf, id=
123, page=9, 569.12625pt x 520.94624pt>
File: AcceptanceAll.pdf Graphic file (type pdf)

<use AcceptanceAll.pdf, page 9>
Package pdftex.def Info: AcceptanceAll.pdf, page9 used on input line 167.
(pdftex.def)             Requested size: 597.63493pt x 547.0415pt.
File: AcceptanceAll.pdf Graphic file (type pdf)
 <use AcceptanceAll.pdf, page 9>
Package pdftex.def Info: AcceptanceAll.pdf, page9 used on input line 167.
(pdftex.def)             Requested size: 597.63493pt x 547.0415pt.
File: AcceptanceAll.pdf Graphic file (type pdf)

<use AcceptanceAll.pdf, page 9>
Package pdftex.def Info: AcceptanceAll.pdf, page9 used on input line 167.
(pdftex.def)             Requested size: 597.63493pt x 547.0415pt.
 [18 <./AcceptanceAll.pdf, page is rotated 90 degrees>] <AcceptanceAll.pdf, id=
127, page=10, 569.12625pt x 520.94624pt>
File: AcceptanceAll.pdf Graphic file (type pdf)

<use AcceptanceAll.pdf, page 10>
Package pdftex.def Info: AcceptanceAll.pdf, page10 used on input line 167.
(pdftex.def)             Requested size: 597.63493pt x 547.0415pt.
File: AcceptanceAll.pdf Graphic file (type pdf)
 <use AcceptanceAll.pdf, page 10>
Package pdftex.def Info: AcceptanceAll.pdf, page10 used on input line 167.
(pdftex.def)             Requested size: 597.63493pt x 547.0415pt.
File: AcceptanceAll.pdf Graphic file (type pdf)

<use AcceptanceAll.pdf, page 10>
Package pdftex.def Info: AcceptanceAll.pdf, page10 used on input line 167.
(pdftex.def)             Requested size: 597.63493pt x 547.0415pt.
 [19 <./AcceptanceAll.pdf, page is rotated 90 degrees>] (./comments2Review.aux)
 ) 
Here is how much of TeX's memory you used:
 3414 strings out of 493014
 48819 string characters out of 6133351
 114966 words of memory out of 5000000
 6882 multiletter control sequences out of 15000+600000
 12863 words of font info for 50 fonts, out of 8000000 for 9000
 1141 hyphenation exceptions out of 8191
 40i,18n,46p,1386b,429s stack positions out of 5000i,500n,10000p,200000b,80000s
</usr/local/texlive/2016/texmf-dist/fonts/type1/public/amsfonts/cm/cmbx12.pfb
></usr/local/texlive/2016/texmf-dist/fonts/type1/public/amsfonts/cm/cmex10.pfb>
</usr/local/texlive/2016/texmf-dist/fonts/type1/public/amsfonts/cm/cmmi10.pfb><
/usr/local/texlive/2016/texmf-dist/fonts/type1/public/amsfonts/cm/cmmi12.pfb></
usr/local/texlive/2016/texmf-dist/fonts/type1/public/amsfonts/cm/cmmi8.pfb></us
r/local/texlive/2016/texmf-dist/fonts/type1/public/amsfonts/cm/cmr10.pfb></usr/
local/texlive/2016/texmf-dist/fonts/type1/public/amsfonts/cm/cmr12.pfb></usr/lo
cal/texlive/2016/texmf-dist/fonts/type1/public/amsfonts/cm/cmr17.pfb></usr/loca
l/texlive/2016/texmf-dist/fonts/type1/public/amsfonts/cm/cmr6.pfb></usr/local/t
exlive/2016/texmf-dist/fonts/type1/public/amsfonts/cm/cmr8.pfb></usr/local/texl
ive/2016/texmf-dist/fonts/type1/public/amsfonts/cm/cmsy10.pfb></usr/local/texli
ve/2016/texmf-dist/fonts/type1/public/amsfonts/cm/cmsy8.pfb></usr/local/texlive
/2016/texmf-dist/fonts/type1/public/amsfonts/cm/cmtcsc10.pfb>
Output written on comments2Review.pdf (19 pages, 620589 bytes).
PDF statistics:
 175 PDF objects out of 1000 (max. 8388607)
 101 compressed objects within 2 object streams
 0 named destinations out of 1000 (max. 500000)
 66 words of extra memory for PDF output out of 10000 (max. 10000000)

